<?xml version="1.0" encoding="UTF-8"?>
<Site BuildName="(empty)"
	BuildStamp="20240513-0155-Experimental"
	Name="Jesse-Pc"
	Generator="ctest-3.22.1"
	CompilerName="/usr/bin/c++"
	CompilerVersion="11.4.0"
	OSName="Linux"
	Hostname="Jesse-Pc"
	OSRelease="5.15.133.1-microsoft-standard-WSL2"
	OSVersion="#1 SMP Thu Oct 5 21:02:42 UTC 2023"
	OSPlatform="x86_64"
	Is64Bits="1"
	VendorString="GenuineIntel"
	VendorID="Intel Corporation"
	FamilyID="6"
	ModelID="167"
	ProcessorCacheSize="16384"
	NumberOfLogicalCPU="16"
	NumberOfPhysicalCPU="8"
	TotalVirtualMemory="8192"
	TotalPhysicalMemory="32040"
	LogicalProcessorsPerPhysical="2"
	ProcessorClockFrequency="3599.99"
	>
	<Testing>
		<StartDateTime>May 13 11:55 AEST</StartDateTime>
		<StartTestTime>1715565330</StartTestTime>
		<TestList/>
		<EndDateTime>May 13 11:55 AEST</EndDateTime>
		<EndTestTime>1715565330</EndTestTime>
		<ElapsedMinutes>0</ElapsedMinutes>
	</Testing>
</Site>
